{"/Users/minhnguyenphamquoc/Code/code-academy/minh-books/src/db/index.ts": {"path":"/Users/minhnguyenphamquoc/Code/code-academy/minh-books/src/db/index.ts","statementMap":{"0":{"start":{"line":1,"column":0},"end":{"line":1,"column":49}},"1":{"start":{"line":2,"column":0},"end":{"line":2,"column":42}},"2":{"start":{"line":3,"column":0},"end":{"line":3,"column":38}},"3":{"start":{"line":4,"column":0},"end":{"line":4,"column":42}},"4":{"start":{"line":5,"column":0},"end":{"line":5,"column":38}},"5":{"start":{"line":7,"column":18},"end":{"line":15,"column":2}},"6":{"start":{"line":17,"column":9},"end":{"line":17,"column":18}}},"fnMap":{},"branchMap":{},"s":{"0":1,"1":1,"2":1,"3":1,"4":1,"5":1,"6":1},"f":{},"b":{}}
,"/Users/minhnguyenphamquoc/Code/code-academy/minh-books/src/models/Author.ts": {"path":"/Users/minhnguyenphamquoc/Code/code-academy/minh-books/src/models/Author.ts","statementMap":{"0":{"start":{"line":1,"column":0},"end":{"line":1,"column":69}},"1":{"start":{"line":2,"column":0},"end":{"line":2,"column":30}},"2":{"start":{"line":5,"column":7},"end":{"line":23,"column":null}},"3":{"start":{"line":6,"column":2},"end":{"line":7,"column":null}},"4":{"start":{"line":9,"column":2},"end":{"line":10,"column":null}},"5":{"start":{"line":12,"column":2},"end":{"line":13,"column":null}},"6":{"start":{"line":15,"column":2},"end":{"line":16,"column":null}},"7":{"start":{"line":18,"column":2},"end":{"line":19,"column":null}},"8":{"start":{"line":21,"column":2},"end":{"line":22,"column":null}},"9":{"start":{"line":21,"column":17},"end":{"line":21,"column":21}},"10":{"start":{"line":5,"column":13},"end":{"line":23,"column":null}},"11":{"start":{"line":5,"column":13},"end":{"line":5,"column":19}}},"fnMap":{"0":{"name":"(anonymous_2)","decl":{"start":{"line":21,"column":11},"end":{"line":21,"column":14}},"loc":{"start":{"line":21,"column":17},"end":{"line":21,"column":21}}}},"branchMap":{},"s":{"0":5,"1":5,"2":5,"3":5,"4":5,"5":5,"6":5,"7":5,"8":5,"9":2,"10":5,"11":5},"f":{"0":2},"b":{}}
,"/Users/minhnguyenphamquoc/Code/code-academy/minh-books/src/models/Book.ts": {"path":"/Users/minhnguyenphamquoc/Code/code-academy/minh-books/src/models/Book.ts","statementMap":{"0":{"start":{"line":1,"column":0},"end":{"line":1,"column":null}},"1":{"start":{"line":9,"column":0},"end":{"line":9,"column":34}},"2":{"start":{"line":10,"column":0},"end":{"line":10,"column":34}},"3":{"start":{"line":13,"column":7},"end":{"line":43,"column":null}},"4":{"start":{"line":14,"column":2},"end":{"line":15,"column":null}},"5":{"start":{"line":18,"column":2},"end":{"line":20,"column":null}},"6":{"start":{"line":18,"column":20},"end":{"line":18,"column":26}},"7":{"start":{"line":22,"column":2},"end":{"line":23,"column":null}},"8":{"start":{"line":22,"column":19},"end":{"line":22,"column":25}},"9":{"start":{"line":25,"column":2},"end":{"line":26,"column":null}},"10":{"start":{"line":25,"column":17},"end":{"line":25,"column":23}},"11":{"start":{"line":29,"column":2},"end":{"line":30,"column":null}},"12":{"start":{"line":32,"column":2},"end":{"line":33,"column":null}},"13":{"start":{"line":35,"column":2},"end":{"line":36,"column":null}},"14":{"start":{"line":38,"column":2},"end":{"line":39,"column":null}},"15":{"start":{"line":41,"column":2},"end":{"line":42,"column":null}},"16":{"start":{"line":13,"column":13},"end":{"line":43,"column":null}},"17":{"start":{"line":13,"column":13},"end":{"line":13,"column":17}}},"fnMap":{"0":{"name":"(anonymous_2)","decl":{"start":{"line":18,"column":14},"end":{"line":18,"column":17}},"loc":{"start":{"line":18,"column":20},"end":{"line":18,"column":26}}},"1":{"name":"(anonymous_3)","decl":{"start":{"line":22,"column":13},"end":{"line":22,"column":16}},"loc":{"start":{"line":22,"column":19},"end":{"line":22,"column":25}}},"2":{"name":"(anonymous_4)","decl":{"start":{"line":25,"column":11},"end":{"line":25,"column":14}},"loc":{"start":{"line":25,"column":17},"end":{"line":25,"column":23}}}},"branchMap":{},"s":{"0":5,"1":5,"2":5,"3":5,"4":5,"5":5,"6":2,"7":5,"8":2,"9":5,"10":2,"11":5,"12":5,"13":5,"14":5,"15":5,"16":5,"17":5},"f":{"0":2,"1":2,"2":2},"b":{}}
,"/Users/minhnguyenphamquoc/Code/code-academy/minh-books/src/models/Rating.ts": {"path":"/Users/minhnguyenphamquoc/Code/code-academy/minh-books/src/models/Rating.ts","statementMap":{"0":{"start":{"line":1,"column":0},"end":{"line":1,"column":null}},"1":{"start":{"line":8,"column":0},"end":{"line":8,"column":30}},"2":{"start":{"line":9,"column":0},"end":{"line":9,"column":30}},"3":{"start":{"line":12,"column":7},"end":{"line":29,"column":null}},"4":{"start":{"line":13,"column":2},"end":{"line":15,"column":null}},"5":{"start":{"line":13,"column":20},"end":{"line":13,"column":24}},"6":{"start":{"line":17,"column":2},"end":{"line":18,"column":null}},"7":{"start":{"line":17,"column":19},"end":{"line":17,"column":23}},"8":{"start":{"line":20,"column":2},"end":{"line":22,"column":null}},"9":{"start":{"line":20,"column":20},"end":{"line":20,"column":24}},"10":{"start":{"line":24,"column":2},"end":{"line":25,"column":null}},"11":{"start":{"line":24,"column":19},"end":{"line":24,"column":23}},"12":{"start":{"line":27,"column":2},"end":{"line":28,"column":null}},"13":{"start":{"line":12,"column":13},"end":{"line":29,"column":null}},"14":{"start":{"line":12,"column":13},"end":{"line":12,"column":19}}},"fnMap":{"0":{"name":"(anonymous_2)","decl":{"start":{"line":13,"column":14},"end":{"line":13,"column":17}},"loc":{"start":{"line":13,"column":20},"end":{"line":13,"column":24}}},"1":{"name":"(anonymous_3)","decl":{"start":{"line":17,"column":13},"end":{"line":17,"column":16}},"loc":{"start":{"line":17,"column":19},"end":{"line":17,"column":23}}},"2":{"name":"(anonymous_4)","decl":{"start":{"line":20,"column":14},"end":{"line":20,"column":17}},"loc":{"start":{"line":20,"column":20},"end":{"line":20,"column":24}}},"3":{"name":"(anonymous_5)","decl":{"start":{"line":24,"column":13},"end":{"line":24,"column":16}},"loc":{"start":{"line":24,"column":19},"end":{"line":24,"column":23}}}},"branchMap":{},"s":{"0":5,"1":5,"2":5,"3":5,"4":5,"5":6,"6":5,"7":2,"8":5,"9":2,"10":5,"11":2,"12":5,"13":5,"14":5},"f":{"0":6,"1":2,"2":2,"3":2},"b":{}}
,"/Users/minhnguyenphamquoc/Code/code-academy/minh-books/src/models/User.ts": {"path":"/Users/minhnguyenphamquoc/Code/code-academy/minh-books/src/models/User.ts","statementMap":{"0":{"start":{"line":1,"column":0},"end":{"line":1,"column":69}},"1":{"start":{"line":2,"column":0},"end":{"line":2,"column":34}},"2":{"start":{"line":5,"column":7},"end":{"line":11,"column":null}},"3":{"start":{"line":6,"column":2},"end":{"line":7,"column":null}},"4":{"start":{"line":9,"column":2},"end":{"line":10,"column":null}},"5":{"start":{"line":9,"column":17},"end":{"line":9,"column":23}},"6":{"start":{"line":5,"column":13},"end":{"line":11,"column":null}},"7":{"start":{"line":5,"column":13},"end":{"line":5,"column":17}}},"fnMap":{"0":{"name":"(anonymous_2)","decl":{"start":{"line":9,"column":11},"end":{"line":9,"column":14}},"loc":{"start":{"line":9,"column":17},"end":{"line":9,"column":23}}}},"branchMap":{},"s":{"0":5,"1":5,"2":5,"3":5,"4":5,"5":2,"6":5,"7":5},"f":{"0":2},"b":{}}
,"/Users/minhnguyenphamquoc/Code/code-academy/minh-books/src/services/author.ts": {"path":"/Users/minhnguyenphamquoc/Code/code-academy/minh-books/src/services/author.ts","statementMap":{"0":{"start":{"line":1,"column":0},"end":{"line":1,"column":42}},"1":{"start":{"line":7,"column":29},"end":{"line":10,"column":1}},"2":{"start":{"line":8,"column":18},"end":{"line":8,"column":42}},"3":{"start":{"line":9,"column":2},"end":{"line":9,"column":17}},"4":{"start":{"line":7,"column":13},"end":{"line":7,"column":29}}},"fnMap":{"0":{"name":"(anonymous_0)","decl":{"start":{"line":7,"column":29},"end":{"line":7,"column":34}},"loc":{"start":{"line":7,"column":40},"end":{"line":10,"column":1}}}},"branchMap":{},"s":{"0":1,"1":1,"2":1,"3":1,"4":1},"f":{"0":1},"b":{}}
,"/Users/minhnguyenphamquoc/Code/code-academy/minh-books/src/services/book.ts": {"path":"/Users/minhnguyenphamquoc/Code/code-academy/minh-books/src/services/book.ts","statementMap":{"0":{"start":{"line":1,"column":0},"end":{"line":1,"column":39}},"1":{"start":{"line":2,"column":0},"end":{"line":2,"column":34}},"2":{"start":{"line":3,"column":0},"end":{"line":3,"column":42}},"3":{"start":{"line":4,"column":0},"end":{"line":4,"column":38}},"4":{"start":{"line":10,"column":27},"end":{"line":17,"column":1}},"5":{"start":{"line":11,"column":16},"end":{"line":15,"column":4}},"6":{"start":{"line":16,"column":2},"end":{"line":16,"column":15}},"7":{"start":{"line":10,"column":13},"end":{"line":10,"column":27}},"8":{"start":{"line":24,"column":32},"end":{"line":36,"column":1}},"9":{"start":{"line":25,"column":24},"end":{"line":32,"column":null}},"10":{"start":{"line":34,"column":2},"end":{"line":34,"column":43}},"11":{"start":{"line":34,"column":33},"end":{"line":34,"column":43}},"12":{"start":{"line":35,"column":2},"end":{"line":35,"column":26}},"13":{"start":{"line":24,"column":13},"end":{"line":24,"column":32}}},"fnMap":{"0":{"name":"(anonymous_0)","decl":{"start":{"line":10,"column":27},"end":{"line":10,"column":32}},"loc":{"start":{"line":10,"column":38},"end":{"line":17,"column":1}}},"1":{"name":"(anonymous_1)","decl":{"start":{"line":24,"column":32},"end":{"line":24,"column":37}},"loc":{"start":{"line":24,"column":57},"end":{"line":36,"column":1}}}},"branchMap":{"0":{"loc":{"start":{"line":34,"column":2},"end":{"line":34,"column":43}},"type":"if","locations":[{"start":{"line":34,"column":2},"end":{"line":34,"column":43}}]}},"s":{"0":1,"1":1,"2":1,"3":1,"4":1,"5":1,"6":1,"7":1,"8":1,"9":2,"10":2,"11":1,"12":1,"13":1},"f":{"0":1,"1":2},"b":{"0":[1]}}
,"/Users/minhnguyenphamquoc/Code/code-academy/minh-books/src/services/rating.ts": {"path":"/Users/minhnguyenphamquoc/Code/code-academy/minh-books/src/services/rating.ts","statementMap":{"0":{"start":{"line":1,"column":0},"end":{"line":1,"column":42}},"1":{"start":{"line":9,"column":24},"end":{"line":20,"column":1}},"2":{"start":{"line":14,"column":17},"end":{"line":18,"column":11}},"3":{"start":{"line":19,"column":2},"end":{"line":19,"column":16}},"4":{"start":{"line":9,"column":13},"end":{"line":9,"column":24}}},"fnMap":{"0":{"name":"(anonymous_0)","decl":{"start":{"line":9,"column":24},"end":{"line":9,"column":29}},"loc":{"start":{"line":13,"column":4},"end":{"line":20,"column":1}}}},"branchMap":{},"s":{"0":1,"1":1,"2":1,"3":1,"4":1},"f":{"0":1},"b":{}}
,"/Users/minhnguyenphamquoc/Code/code-academy/minh-books/src/services/seed.ts": {"path":"/Users/minhnguyenphamquoc/Code/code-academy/minh-books/src/services/seed.ts","statementMap":{"0":{"start":{"line":1,"column":0},"end":{"line":1,"column":42}},"1":{"start":{"line":2,"column":0},"end":{"line":2,"column":38}},"2":{"start":{"line":3,"column":0},"end":{"line":3,"column":59}},"3":{"start":{"line":8,"column":24},"end":{"line":18,"column":1}},"4":{"start":{"line":9,"column":21},"end":{"line":9,"column":42}},"5":{"start":{"line":11,"column":2},"end":{"line":11,"column":38}},"6":{"start":{"line":12,"column":2},"end":{"line":12,"column":61}},"7":{"start":{"line":15,"column":19},"end":{"line":15,"column":38}},"8":{"start":{"line":16,"column":2},"end":{"line":16,"column":34}},"9":{"start":{"line":17,"column":2},"end":{"line":17,"column":59}},"10":{"start":{"line":8,"column":13},"end":{"line":8,"column":24}}},"fnMap":{"0":{"name":"(anonymous_0)","decl":{"start":{"line":8,"column":24},"end":{"line":8,"column":29}},"loc":{"start":{"line":8,"column":35},"end":{"line":18,"column":1}}}},"branchMap":{},"s":{"0":1,"1":1,"2":1,"3":1,"4":1,"5":1,"6":1,"7":1,"8":1,"9":1,"10":1},"f":{"0":1},"b":{}}
,"/Users/minhnguyenphamquoc/Code/code-academy/minh-books/src/services/user.ts": {"path":"/Users/minhnguyenphamquoc/Code/code-academy/minh-books/src/services/user.ts","statementMap":{"0":{"start":{"line":1,"column":0},"end":{"line":1,"column":38}},"1":{"start":{"line":8,"column":28},"end":{"line":13,"column":1}},"2":{"start":{"line":9,"column":15},"end":{"line":11,"column":11}},"3":{"start":{"line":12,"column":2},"end":{"line":12,"column":14}},"4":{"start":{"line":8,"column":13},"end":{"line":8,"column":28}}},"fnMap":{"0":{"name":"(anonymous_0)","decl":{"start":{"line":8,"column":28},"end":{"line":8,"column":33}},"loc":{"start":{"line":8,"column":55},"end":{"line":13,"column":1}}}},"branchMap":{},"s":{"0":1,"1":1,"2":1,"3":1,"4":1},"f":{"0":1},"b":{}}
,"/Users/minhnguyenphamquoc/Code/code-academy/minh-books/src/utils/seed.ts": {"path":"/Users/minhnguyenphamquoc/Code/code-academy/minh-books/src/utils/seed.ts","statementMap":{"0":{"start":{"line":1,"column":0},"end":{"line":1,"column":26}},"1":{"start":{"line":7,"column":29},"end":{"line":20,"column":1}},"2":{"start":{"line":9,"column":14},"end":{"line":12,"column":4}},"3":{"start":{"line":13,"column":2},"end":{"line":13,"column":32}},"4":{"start":{"line":14,"column":15},"end":{"line":18,"column":4}},"5":{"start":{"line":15,"column":20},"end":{"line":15,"column":26}},"6":{"start":{"line":16,"column":4},"end":{"line":16,"column":22}},"7":{"start":{"line":17,"column":4},"end":{"line":17,"column":19}},"8":{"start":{"line":19,"column":2},"end":{"line":19,"column":14}},"9":{"start":{"line":7,"column":13},"end":{"line":7,"column":29}},"10":{"start":{"line":32,"column":27},"end":{"line":53,"column":1}},"11":{"start":{"line":34,"column":22},"end":{"line":34,"column":75}},"12":{"start":{"line":35,"column":23},"end":{"line":35,"column":66}},"13":{"start":{"line":38,"column":19},"end":{"line":50,"column":null}},"14":{"start":{"line":40,"column":28},"end":{"line":41,"column":null}},"15":{"start":{"line":43,"column":29},"end":{"line":43,"column":47}},"16":{"start":{"line":44,"column":22},"end":{"line":47,"column":8}},"17":{"start":{"line":48,"column":6},"end":{"line":48,"column":24}},"18":{"start":{"line":49,"column":6},"end":{"line":49,"column":21}},"19":{"start":{"line":52,"column":2},"end":{"line":52,"column":18}},"20":{"start":{"line":32,"column":13},"end":{"line":32,"column":27}}},"fnMap":{"0":{"name":"(anonymous_1)","decl":{"start":{"line":7,"column":29},"end":{"line":7,"column":34}},"loc":{"start":{"line":7,"column":40},"end":{"line":20,"column":1}}},"1":{"name":"(anonymous_2)","decl":{"start":{"line":14,"column":23},"end":{"line":14,"column":24}},"loc":{"start":{"line":14,"column":29},"end":{"line":18,"column":3}}},"2":{"name":"(anonymous_3)","decl":{"start":{"line":32,"column":27},"end":{"line":32,"column":32}},"loc":{"start":{"line":32,"column":38},"end":{"line":53,"column":1}}},"3":{"name":"(anonymous_4)","decl":{"start":{"line":39,"column":21},"end":{"line":39,"column":26}},"loc":{"start":{"line":39,"column":36},"end":{"line":50,"column":5}}}},"branchMap":{},"s":{"0":2,"1":2,"2":1,"3":1,"4":1,"5":2,"6":2,"7":2,"8":1,"9":2,"10":2,"11":1,"12":1,"13":1,"14":2,"15":2,"16":2,"17":2,"18":2,"19":1,"20":2},"f":{"0":1,"1":2,"2":1,"3":2},"b":{}}
}
