TN:
SF:src/db/index.ts
FNF:0
FNH:0
DA:1,1
DA:2,1
DA:3,1
DA:4,1
DA:5,1
DA:7,1
DA:17,1
LF:7
LH:7
BRF:0
BRH:0
end_of_record
TN:
SF:src/models/Author.ts
FN:21,(anonymous_2)
FNF:1
FNH:1
FNDA:2,(anonymous_2)
DA:1,5
DA:2,5
DA:5,5
DA:6,5
DA:9,5
DA:12,5
DA:15,5
DA:18,5
DA:21,5
LF:9
LH:9
BRF:0
BRH:0
end_of_record
TN:
SF:src/models/Book.ts
FN:18,(anonymous_2)
FN:22,(anonymous_3)
FN:25,(anonymous_4)
FNF:3
FNH:3
FNDA:2,(anonymous_2)
FNDA:2,(anonymous_3)
FNDA:2,(anonymous_4)
DA:1,5
DA:9,5
DA:10,5
DA:13,5
DA:14,5
DA:18,5
DA:22,5
DA:25,5
DA:29,5
DA:32,5
DA:35,5
DA:38,5
DA:41,5
LF:13
LH:13
BRF:0
BRH:0
end_of_record
TN:
SF:src/models/Rating.ts
FN:13,(anonymous_2)
FN:17,(anonymous_3)
FN:20,(anonymous_4)
FN:24,(anonymous_5)
FNF:4
FNH:4
FNDA:6,(anonymous_2)
FNDA:2,(anonymous_3)
FNDA:2,(anonymous_4)
FNDA:2,(anonymous_5)
DA:1,5
DA:8,5
DA:9,5
DA:12,5
DA:13,6
DA:17,5
DA:20,5
DA:24,5
DA:27,5
LF:9
LH:9
BRF:0
BRH:0
end_of_record
TN:
SF:src/models/User.ts
FN:9,(anonymous_2)
FNF:1
FNH:1
FNDA:2,(anonymous_2)
DA:1,5
DA:2,5
DA:5,5
DA:6,5
DA:9,5
LF:5
LH:5
BRF:0
BRH:0
end_of_record
TN:
SF:src/services/author.ts
FN:7,(anonymous_0)
FNF:1
FNH:1
FNDA:1,(anonymous_0)
DA:1,1
DA:7,1
DA:8,1
DA:9,1
LF:4
LH:4
BRF:0
BRH:0
end_of_record
TN:
SF:src/services/book.ts
FN:10,(anonymous_0)
FN:24,(anonymous_1)
FNF:2
FNH:2
FNDA:1,(anonymous_0)
FNDA:2,(anonymous_1)
DA:1,1
DA:2,1
DA:3,1
DA:4,1
DA:10,1
DA:11,1
DA:16,1
DA:24,1
DA:25,2
DA:34,2
DA:35,1
LF:11
LH:11
BRDA:34,0,0,1
BRF:1
BRH:1
end_of_record
TN:
SF:src/services/rating.ts
FN:9,(anonymous_0)
FNF:1
FNH:1
FNDA:1,(anonymous_0)
DA:1,1
DA:9,1
DA:14,1
DA:19,1
LF:4
LH:4
BRF:0
BRH:0
end_of_record
TN:
SF:src/services/seed.ts
FN:8,(anonymous_0)
FNF:1
FNH:1
FNDA:1,(anonymous_0)
DA:1,1
DA:2,1
DA:3,1
DA:8,1
DA:9,1
DA:11,1
DA:12,1
DA:15,1
DA:16,1
DA:17,1
LF:10
LH:10
BRF:0
BRH:0
end_of_record
TN:
SF:src/services/user.ts
FN:8,(anonymous_0)
FNF:1
FNH:1
FNDA:1,(anonymous_0)
DA:1,1
DA:8,1
DA:9,1
DA:12,1
LF:4
LH:4
BRF:0
BRH:0
end_of_record
TN:
SF:src/utils/seed.ts
FN:7,(anonymous_1)
FN:14,(anonymous_2)
FN:32,(anonymous_3)
FN:39,(anonymous_4)
FNF:4
FNH:4
FNDA:1,(anonymous_1)
FNDA:2,(anonymous_2)
FNDA:1,(anonymous_3)
FNDA:2,(anonymous_4)
DA:1,2
DA:7,2
DA:9,1
DA:13,1
DA:14,1
DA:15,2
DA:16,2
DA:17,2
DA:19,1
DA:32,2
DA:34,1
DA:35,1
DA:38,1
DA:40,2
DA:43,2
DA:44,2
DA:48,2
DA:49,2
DA:52,1
LF:19
LH:19
BRF:0
BRH:0
end_of_record
